2024-02-16 15:35:19 [scrapy.utils.log] INFO: Scrapy 2.11.0 started (bot: scrapy_log)
2024-02-16 15:35:19 [scrapy.utils.log] INFO: Versions: lxml 5.1.0.0, libxml2 2.10.3, cssselect 1.2.0, parsel 1.8.1, w3lib 2.1.2, Twisted 22.10.0, Python 3.9.18 | packaged by conda-forge | (main, Aug 30 2023, 03:40:31) [MSC v.1929 64 bit (AMD64)], pyOpenSSL 24.0.0 (OpenSSL 3.2.1 30 Jan 2024), cryptography 42.0.2, Platform Windows-10-10.0.19045-SP0
2024-02-16 15:35:19 [scrapy.addons] INFO: Enabled addons:
[]
2024-02-16 15:35:19 [asyncio] DEBUG: Using selector: SelectSelector
2024-02-16 15:35:19 [scrapy.utils.log] DEBUG: Using reactor: twisted.internet.asyncioreactor.AsyncioSelectorReactor
2024-02-16 15:35:19 [scrapy.utils.log] DEBUG: Using asyncio event loop: asyncio.windows_events._WindowsSelectorEventLoop
2024-02-16 15:35:19 [scrapy.extensions.telnet] INFO: Telnet Password: a3d7331932bb104c
2024-02-16 15:35:19 [scrapy.middleware] INFO: Enabled extensions:
['scrapy.extensions.corestats.CoreStats',
 'scrapy.extensions.telnet.TelnetConsole',
 'scrapy.extensions.logstats.LogStats']
2024-02-16 15:35:19 [scrapy.crawler] INFO: Overridden settings:
{'BOT_NAME': 'scrapy_log',
 'FEED_EXPORT_ENCODING': 'utf-8',
 'LOG_FILE': 'log.log',
 'NEWSPIDER_MODULE': 'scrapy_log.spiders',
 'REQUEST_FINGERPRINTER_IMPLEMENTATION': '2.7',
 'SPIDER_MODULES': ['scrapy_log.spiders'],
 'TWISTED_REACTOR': 'twisted.internet.asyncioreactor.AsyncioSelectorReactor'}
2024-02-16 15:35:20 [scrapy.middleware] INFO: Enabled downloader middlewares:
['scrapy.downloadermiddlewares.httpauth.HttpAuthMiddleware',
 'scrapy.downloadermiddlewares.downloadtimeout.DownloadTimeoutMiddleware',
 'scrapy.downloadermiddlewares.defaultheaders.DefaultHeadersMiddleware',
 'scrapy.downloadermiddlewares.useragent.UserAgentMiddleware',
 'scrapy.downloadermiddlewares.retry.RetryMiddleware',
 'scrapy.downloadermiddlewares.redirect.MetaRefreshMiddleware',
 'scrapy.downloadermiddlewares.httpcompression.HttpCompressionMiddleware',
 'scrapy.downloadermiddlewares.redirect.RedirectMiddleware',
 'scrapy.downloadermiddlewares.cookies.CookiesMiddleware',
 'scrapy.downloadermiddlewares.httpproxy.HttpProxyMiddleware',
 'scrapy.downloadermiddlewares.stats.DownloaderStats']
2024-02-16 15:35:20 [scrapy.middleware] INFO: Enabled spider middlewares:
['scrapy.spidermiddlewares.httperror.HttpErrorMiddleware',
 'scrapy.spidermiddlewares.offsite.OffsiteMiddleware',
 'scrapy.spidermiddlewares.referer.RefererMiddleware',
 'scrapy.spidermiddlewares.urllength.UrlLengthMiddleware',
 'scrapy.spidermiddlewares.depth.DepthMiddleware']
2024-02-16 15:35:20 [scrapy.middleware] INFO: Enabled item pipelines:
[]
2024-02-16 15:35:20 [scrapy.core.engine] INFO: Spider opened
2024-02-16 15:35:20 [scrapy.extensions.logstats] INFO: Crawled 0 pages (at 0 pages/min), scraped 0 items (at 0 items/min)
2024-02-16 15:35:20 [scrapy.extensions.telnet] INFO: Telnet console listening on 127.0.0.1:6023
2024-02-16 15:35:20 [scrapy.core.engine] DEBUG: Crawled (200) <GET https://www.baidu.com> (referer: None)
2024-02-16 15:35:20 [scrapy.core.engine] INFO: Closing spider (finished)
2024-02-16 15:35:20 [scrapy.statscollectors] INFO: Dumping Scrapy stats:
{'downloader/request_bytes': 214,
 'downloader/request_count': 1,
 'downloader/request_method_count/GET': 1,
 'downloader/response_bytes': 1511,
 'downloader/response_count': 1,
 'downloader/response_status_count/200': 1,
 'elapsed_time_seconds': 0.327088,
 'finish_reason': 'finished',
 'finish_time': datetime.datetime(2024, 2, 16, 7, 35, 20, 682932, tzinfo=datetime.timezone.utc),
 'httpcompression/response_bytes': 2443,
 'httpcompression/response_count': 1,
 'log_count/DEBUG': 4,
 'log_count/INFO': 10,
 'response_received_count': 1,
 'scheduler/dequeued': 1,
 'scheduler/dequeued/memory': 1,
 'scheduler/enqueued': 1,
 'scheduler/enqueued/memory': 1,
 'start_time': datetime.datetime(2024, 2, 16, 7, 35, 20, 355844, tzinfo=datetime.timezone.utc)}
2024-02-16 15:35:20 [scrapy.core.engine] INFO: Spider closed (finished)
